[2025-12-19T10:00:53.493+0000] {manager.py:483} INFO - Processing files using up to 2 processes at a time 
[2025-12-19T10:00:53.494+0000] {manager.py:484} INFO - Process each file at most once every 30 seconds
[2025-12-19T10:00:53.494+0000] {manager.py:485} INFO - Checking for new files in /opt/airflow/dags every 300 seconds
[2025-12-19T10:00:53.494+0000] {manager.py:821} INFO - Searching for files in /opt/airflow/dags
[2025-12-19T10:00:53.496+0000] {manager.py:824} INFO - There are 0 files in /opt/airflow/dags
[2025-12-19T10:05:53.806+0000] {manager.py:821} INFO - Searching for files in /opt/airflow/dags
[2025-12-19T10:05:53.808+0000] {manager.py:824} INFO - There are 0 files in /opt/airflow/dags
[2025-12-19T10:10:53.908+0000] {manager.py:821} INFO - Searching for files in /opt/airflow/dags
[2025-12-19T10:10:53.909+0000] {manager.py:824} INFO - There are 0 files in /opt/airflow/dags
[2025-12-19T10:15:54.090+0000] {manager.py:821} INFO - Searching for files in /opt/airflow/dags
[2025-12-19T10:15:54.091+0000] {manager.py:824} INFO - There are 0 files in /opt/airflow/dags
[2025-12-19T10:20:54.313+0000] {manager.py:821} INFO - Searching for files in /opt/airflow/dags
[2025-12-19T10:20:54.314+0000] {manager.py:824} INFO - There are 0 files in /opt/airflow/dags
[2025-12-19T10:25:54.464+0000] {manager.py:821} INFO - Searching for files in /opt/airflow/dags
[2025-12-19T10:25:54.465+0000] {manager.py:824} INFO - There are 0 files in /opt/airflow/dags
[2025-12-19T10:30:54.585+0000] {manager.py:821} INFO - Searching for files in /opt/airflow/dags
[2025-12-19T10:30:54.586+0000] {manager.py:824} INFO - There are 0 files in /opt/airflow/dags
[2025-12-19T10:35:54.720+0000] {manager.py:821} INFO - Searching for files in /opt/airflow/dags
[2025-12-19T10:35:54.722+0000] {manager.py:824} INFO - There are 0 files in /opt/airflow/dags
[2025-12-19T10:40:54.863+0000] {manager.py:821} INFO - Searching for files in /opt/airflow/dags
[2025-12-19T10:40:54.864+0000] {manager.py:824} INFO - There are 0 files in /opt/airflow/dags
[2025-12-19T10:45:55.058+0000] {manager.py:821} INFO - Searching for files in /opt/airflow/dags
[2025-12-19T10:45:55.059+0000] {manager.py:824} INFO - There are 0 files in /opt/airflow/dags
[2025-12-19T10:50:55.280+0000] {manager.py:821} INFO - Searching for files in /opt/airflow/dags
[2025-12-19T10:50:55.281+0000] {manager.py:824} INFO - There are 0 files in /opt/airflow/dags
